<?xml version="1.0" encoding="UTF-8"?>
<!-- Generated by org.testng.reporters.JUnitReportReporter -->
<testsuite name="packt.selenium.chap3_9.SearchGoogleTest" tests="1" time="7.019" ignored="0" failures="0" timestamp="23 Feb 2017 16:48:27 GMT" skipped="0" hostname="Bassem-PC" errors="0">
  <testcase name="testGoogleSearch" time="7.019" classname="packt.selenium.chap3_9.SearchGoogleTest"/>
</testsuite> <!-- packt.selenium.chap3_9.SearchGoogleTest -->
