<?xml version="1.0" encoding="UTF-8"?>
<!-- Generated by org.testng.reporters.JUnitReportReporter -->
<testsuite name="Documentation.SeleniumHomepage.WebDriverDocumentationTest" tests="1" time="28.151" ignored="0" failures="0" timestamp="15 Feb 2017 06:12:17 GMT" skipped="0" hostname="Bassem-PC" errors="0">
  <testcase name="verifyPageTitle" time="28.151" classname="Documentation.SeleniumHomepage.WebDriverDocumentationTest"/>
</testsuite> <!-- Documentation.SeleniumHomepage.WebDriverDocumentationTest -->
